27/10/2024 13:26:34	This log contains information about the import schema operation into project 'Consorcio' on computer 'NBDN24' by user 'numa.badaracco'.
27/10/2024 13:26:34	Import of database schema has started.
27/10/2024 13:26:53	Gathering database credentials
27/10/2024 13:26:53	Gathering database options
27/10/2024 13:26:53	Gathering generic database scoped configuration option
27/10/2024 13:26:53	Gathering users
27/10/2024 13:26:53	Gathering roles
27/10/2024 13:26:53	Gathering application roles
27/10/2024 13:26:53	Gathering role memberships
27/10/2024 13:26:53	Gathering filegroups
27/10/2024 13:26:53	Gathering full-text catalogs
27/10/2024 13:26:53	Gathering assemblies
27/10/2024 13:26:53	Gathering certificates
27/10/2024 13:26:53	Gathering asymmetric keys
27/10/2024 13:26:53	Gathering symmetric keys
27/10/2024 13:26:53	Gathering encrypted symmetric keys
27/10/2024 13:26:53	Gathering schemas
27/10/2024 13:26:53	Gathering XML schema collections
27/10/2024 13:26:53	Gathering user-defined data types
27/10/2024 13:26:53	Gathering user-defined types
27/10/2024 13:26:53	Gathering table types
27/10/2024 13:26:53	Gathering unique keys for table types
27/10/2024 13:26:53	Gathering primary keys for table types
27/10/2024 13:26:53	Gathering indexes for table types
27/10/2024 13:26:53	Gathering check constraints for table types
27/10/2024 13:26:53	Gathering default constraints for table types
27/10/2024 13:26:53	Gathering partition functions
27/10/2024 13:26:53	Gathering partition schemes
27/10/2024 13:26:53	Gathering functions
27/10/2024 13:26:53	Gathering encrypted functions
27/10/2024 13:26:53	Gathering aggregates
27/10/2024 13:26:53	Gathering procedures
27/10/2024 13:26:53	Gathering encrypted procedures
27/10/2024 13:26:53	Gathering tables
27/10/2024 13:26:54	Gathering primary keys
27/10/2024 13:26:54	Gathering unique constraints
27/10/2024 13:26:54	Gathering foreign keys
27/10/2024 13:26:54	Gathering default constraints
27/10/2024 13:26:54	Gathering check constraints
27/10/2024 13:26:54	Gathering views
27/10/2024 13:26:54	Gathering encrypted views
27/10/2024 13:26:54	Gathering indexes
27/10/2024 13:26:54	Gathering statistics
27/10/2024 13:26:54	Gathering full-text index stoplists
27/10/2024 13:26:54	Gathering search property lists
27/10/2024 13:26:54	Gathering search properties
27/10/2024 13:26:54	Gathering full-text indexes
27/10/2024 13:26:54	Gathering column store indexes
27/10/2024 13:26:54	Gathering spatial indexes
27/10/2024 13:26:54	Gathering XML indexes
27/10/2024 13:26:54	Gathering Selective XML indexes
27/10/2024 13:26:54	Gathering encrypted triggers
27/10/2024 13:26:54	Gathering triggers
27/10/2024 13:26:54	Gathering encrypted and clr ddl triggers
27/10/2024 13:26:54	Gathering ddl triggers
27/10/2024 13:26:54	Creating edge constraints
27/10/2024 13:26:54	Gathering synonyms
27/10/2024 13:26:54	Gathering defaults
27/10/2024 13:26:54	Gathering data constraint uddt bindings
27/10/2024 13:26:54	Gathering rules
27/10/2024 13:26:54	Gathering data constraint uddt bindings
27/10/2024 13:26:54	Gathering message types
27/10/2024 13:26:54	Gathering queues
27/10/2024 13:26:54	Gathering contracts
27/10/2024 13:26:54	Gathering services
27/10/2024 13:26:54	Gathering event notifications
27/10/2024 13:26:54	Gathering remote service bindings
27/10/2024 13:26:54	Gathering broker priorities
27/10/2024 13:26:54	Gathering signatures
27/10/2024 13:26:54	Gathering compression options
27/10/2024 13:26:54	Gathering sequence types
27/10/2024 13:26:54	Gathering security policies
27/10/2024 13:26:54	Gather column encryption keys
27/10/2024 13:26:54	Gathering column master keys
27/10/2024 13:26:54	Gathering external data sources
27/10/2024 13:26:54	Gathering external file formats
27/10/2024 13:26:54	Gathering external tables
27/10/2024 13:26:54	Gathering XML index compression options
27/10/2024 13:26:54	Gathering extended properties
27/10/2024 13:26:54	Gathering assemblies
27/10/2024 13:26:54	Gathering credentials
27/10/2024 13:26:54	Gathering logins
27/10/2024 13:26:54	Gathering server audits
27/10/2024 13:26:55	Scanning project for duplicate elements
27/10/2024 13:26:55	Finished duplicate element processing
27/10/2024 13:26:55	Finished importing database.
27/10/2024 13:26:55	A summary of the import was saved to the following location: D:\Dev-Numa\Facena\2024\BaseDeDatos\Consorcio\Import Schema Logs\Consorcio_20241027042634.log
27/10/2024 13:26:55	Click Finish to continue...
